2021-10-28 12:52:00,187 INFO: c:/demo/v221_test.aedtz created.
2021-10-28 12:52:06,313 INFO: c:/demo/v221_test created.
2021-10-28 12:52:06,324 DEBUG: Starting new HTTPS connection (1): notify-api.line.me:443
2021-10-28 12:52:06,826 DEBUG: https://notify-api.line.me:443 "POST /api/notify?message=c%3A%2Fdemo%2Fv221_test.aedtz+is+Running%21 HTTP/1.1" 200 None
2021-10-28 12:52:06,831 INFO: c:/demo/v221_test.aedtz is running.
2021-10-28 12:52:07,321 INFO: c:/demo/v221_test\v221_test.aedtz created.
2021-10-28 12:52:07,321 INFO: c:/demo/v221_test\v221_test.aedtz created.
2021-10-28 12:52:08,123 INFO: c:/demo/v221_test\BGA_PKG_V1_final.aedt.batchinfo created.
2021-10-28 12:52:09,127 INFO: c:/demo/v221_test\BGA_PKG_V1_final.aedt.batchinfo\BGA_PKG_V1_final-RSM_21743.log created.
2021-10-28 12:52:09,129 INFO: c:/demo/v221_test\v221_test.aedtz.q.temp created.
2021-10-28 12:52:09,129 INFO: c:/demo/v221_test\BGA_PKG_V1_final.aedt.batchinfo\BGA_PKG_V1_final-RSM_21743.log created.
2021-10-28 12:52:09,130 INFO: c:/demo/debug_log.scr created.
2021-10-28 12:52:09,130 INFO: c:/demo/v221_test\A707CF.tmp created.
2021-10-28 12:52:09,130 INFO: c:/demo/v221_test\v221_test.aedtz.lock created.
2021-10-28 12:52:09,130 INFO: c:/demo/v221_test\BGA_PKG_V1_final.aedt created.
2021-10-28 12:52:09,130 INFO: c:/demo/v221_test\BGA_PKG_V1_final.aedb created.
2021-10-28 12:52:10,143 INFO: c:/demo/v221_test\BGA_PKG_V1_final.aedb\stride created.
2021-10-28 12:52:10,143 INFO: c:/demo/v221_test\BGA_PKG_V1_final.aedb\edb.def created.
2021-10-28 12:52:10,143 INFO: c:/demo/v221_test\BGA_PKG_V1_final.aedb\edb.def.bak created.
2021-10-28 12:52:10,143 INFO: c:/demo/v221_test\BGA_PKG_V1_final.aedb\edb.def.tmp created.
2021-10-28 12:52:10,143 INFO: c:/demo/v221_test\BGA_PKG_V1_final.aedb\stride\model.index created.
2021-10-28 12:52:10,144 INFO: c:/demo/v221_test\BGA_PKG_V1_final.aedb\edb.def created.
2021-10-28 12:52:10,144 INFO: c:/demo/v221_test\BGA_PKG_V1_final.aedb\edb.def.bak created.
2021-10-28 12:52:10,144 INFO: c:/demo/v221_test\BGA_PKG_V1_final.aedb\stride created.
2021-10-28 12:52:11,149 INFO: c:/demo/v221_test\BGA_PKG_V1_final.aedb\stride\model.index created.
2021-10-28 12:52:11,149 INFO: c:/demo/v221_test\BGA_PKG_V1_final.aedb\stride\model.index created.
2021-10-28 12:52:11,149 INFO: c:/demo/debug_log.scr created.
2021-10-28 12:52:11,150 INFO: c:/demo/v221_test\A7085D.tmp created.
2021-10-28 12:52:11,150 INFO: c:/demo/v221_test\BGA_PKG_V1_final.aedt.lock created.
2021-10-28 12:52:11,150 INFO: c:/demo/v221_test\A7085E.tmp created.
2021-10-28 12:52:11,151 INFO: c:/demo/v221_test\BGA_PKG_V1_final.aedb\edb.def.tmp created.
2021-10-28 12:52:11,151 INFO: c:/demo/v221_test\BGA_PKG_V1_final.aedtresults created.
2021-10-28 12:52:12,157 INFO: c:/demo/v221_test\BGA_PKG_V1_final.aedtresults\BGA_PKG created.
2021-10-28 12:52:12,158 INFO: c:/demo/v221_test\BGA_PKG_V1_final.aedtresults\.BGA_PKG.asol.semaphore created.
2021-10-28 12:52:12,158 INFO: c:/demo/v221_test\BGA_PKG_V1_final.aedtresults\.BGA_PKG.asol_priv.semaphore created.
2021-10-28 12:52:12,158 INFO: c:/demo/v221_test\BGA_PKG_V1_final.aedtresults\BGA_PKG.asol_priv created.
2021-10-28 12:52:12,159 INFO: c:/demo/v221_test\BGA_PKG_V1_final.aedtresults\BGA_PKG\temp created.
2021-10-28 12:52:12,160 INFO: c:/demo/v221_test\BGA_PKG_V1_final.aedtresults\BGA_PKG created.
2021-10-28 12:52:13,175 INFO: c:/demo/v221_test\BGA_PKG_V1_final.aedtresults\BGA_PKG\temp created.
2021-10-28 12:52:13,175 INFO: c:/demo/v221_test\BGA_PKG_V1_final.aedtresults\BGA_PKG\temp created.
2021-10-28 12:52:14,189 INFO: c:/demo/v221_test\A70959.tmp created.
2021-10-28 12:52:14,189 INFO: c:/demo/v221_test\BGA_PKG_V1_final.aedtresults\.BGA_PKG.asol_priv.semaphore created.
2021-10-28 12:52:14,189 INFO: c:/demo/v221_test\BGA_PKG_V1_final.aedtresults\BGA_PKG.asol_priv created.
2021-10-28 12:52:14,190 INFO: c:/demo/v221_test\BGA_PKG_V1_final.aedtresults\.BGA_PKG.asol.semaphore created.
2021-10-28 12:52:14,190 INFO: c:/demo/v221_test\A701187.tmp created.
2021-10-28 12:52:14,190 INFO: c:/demo/v221_test\BGA_PKG_V1_final.aedtresults\ManagedFiles_Design0.asol created.
2021-10-28 12:52:14,191 INFO: c:/demo/v221_test\BGA_PKG_V1_final.aedb\stride\model.index+ created.
2021-10-28 12:52:14,191 INFO: c:/demo/v221_test\BGA_PKG_V1_final.aedtresults\McadModels created.
2021-10-28 12:53:02,822 INFO: c:/demo/v221_test\BGA_PKG_V1_final.aedb\edb.def.tmp created.
2021-10-28 12:53:02,940 INFO: c:/demo/v221_test\BGA_PKG_V1_final.aedtexport created.
2021-10-28 12:53:03,955 INFO: c:/demo/v221_test\BGA_PKG_V1_final.aedtexport\BGA_PKG created.
2021-10-28 12:53:03,955 INFO: c:/demo/v221_test\BGA_PKG_V1_final.aedtexport\BGA_PKG\Setup1-DV4-RSM_21743.conv created.
2021-10-28 12:53:03,957 INFO: c:/demo/v221_test\BGA_PKG_V1_final.aedtexport\BGA_PKG created.
2021-10-28 12:53:04,965 INFO: c:/demo/v221_test\BGA_PKG_V1_final.aedtexport\BGA_PKG\Setup1-DV4-RSM_21743.conv created.
2021-10-28 12:53:04,966 INFO: c:/demo/v221_test\BGA_PKG_V1_final.aedtexport\BGA_PKG\Setup1-DV4-RSM_21743.conv created.
2021-10-28 12:53:04,967 INFO: c:/demo/v221_test\A70DAAA.tmp created.
2021-10-28 12:53:04,967 INFO: c:/demo/v221_test\A70DAAB.tmp created.
2021-10-28 12:53:04,968 INFO: c:/demo/v221_test\BGA_PKG_V1_final.aedt.lock created.
2021-10-28 12:53:04,969 INFO: c:/demo/v221_test\BGA_PKG_V1_final.aedt.auto created.
2021-10-28 12:53:04,970 INFO: c:/demo/v221_test\BGA_PKG_V1_final.aedt.temp created.
2021-10-28 12:53:04,970 INFO: c:/demo/v221_test\BGA_PKG_V1_final.aedtresults\BGA_PKG\temp\A70DABC.tmp created.
2021-10-28 12:53:04,971 INFO: c:/demo/v221_test\BGA_PKG_V1_final.aedtresults\BGA_PKG\temp created.
2021-10-28 12:53:05,979 INFO: c:/demo/v221_test\BGA_PKG_V1_final.aedtresults\BGA_PKG.asol_priv created.
2021-10-28 12:53:05,979 INFO: c:/demo/v221_test\BGA_PKG_V1_final.aedtresults\mf_0 created.
2021-10-28 12:53:06,985 INFO: c:/demo/v221_test\BGA_PKG_V1_final.aedtresults\mf_0\svcache created.
2021-10-28 12:53:06,985 INFO: c:/demo/v221_test\BGA_PKG_V1_final.aedtresults\mf_0\svcache\HDR55A01136163539678212.tmp created.
2021-10-28 12:53:06,986 INFO: c:/demo/v221_test\BGA_PKG_V1_final.aedtresults\mf_0\svcache created.
2021-10-28 12:53:07,997 INFO: c:/demo/v221_test\BGA_PKG_V1_final.aedtresults\mf_0\svcache\HDR55A01136163539678212.tmp created.
2021-10-28 12:53:07,997 INFO: c:/demo/v221_test\BGA_PKG_V1_final.aedtresults\mf_0\svcache\HDR55A01136163539678212.tmp created.
2021-10-28 12:53:07,997 INFO: c:/demo/v221_test\BGA_PKG_V1_final.aedtresults\ManagedFiles_Design0.asol_priv created.
2021-10-28 12:53:07,998 INFO: c:/demo/v221_test\BGA_PKG_V1_final.aedb\edb.def.tmp created.
2021-10-28 12:53:07,999 INFO: c:/demo/v221_test\BGA_PKG_V1_final.aedb\stride\model.index+ created.
2021-10-28 12:53:08,000 INFO: c:/demo/v221_test\BGA_PKG_V1_final.aedt.batchinfo\BGA_PKG_V1_final-RSM_21743.solinfo created.
2021-10-28 12:53:08,001 INFO: c:/demo/v221_test\BGA_PKG_V1_final.aedt.shutdown created.
2021-10-28 12:53:10,104 INFO: c:/demo/v221_test\BGA_PKG_V1_final.aedtresults\BGA_PKG\temp\A70F6A3.tmp created.
2021-10-28 12:53:11,583 INFO: c:/demo/v221_test\v221_test.aedtz.lock removed.
2021-10-28 12:53:11,587 DEBUG: Starting new HTTPS connection (1): notify-api.line.me:443
2021-10-28 12:53:11,966 DEBUG: https://notify-api.line.me:443 "POST /api/notify?message=c%3A%2Fdemo%2Fv221_test+is+Accomplished%21 HTTP/1.1" 200 None
2021-10-28 12:53:11,968 INFO: c:/demo/v221_test.zip created.
2021-10-28 12:53:58,395 INFO: c:/demo/v221_TriHedral_RCS3.aedtz created.
2021-10-28 12:54:06,932 INFO: c:/demo/v221_TriHedral_RCS3 created.
2021-10-28 12:54:06,940 DEBUG: Starting new HTTPS connection (1): notify-api.line.me:443
2021-10-28 12:54:07,449 DEBUG: https://notify-api.line.me:443 "POST /api/notify?message=c%3A%2Fdemo%2Fv221_TriHedral_RCS3.aedtz+is+Running%21 HTTP/1.1" 200 None
2021-10-28 12:54:07,455 INFO: c:/demo/v221_TriHedral_RCS3.aedtz is running.
2021-10-28 12:54:07,942 INFO: c:/demo/v221_TriHedral_RCS3\v221_TriHedral_RCS3.aedtz created.
2021-10-28 12:54:07,943 INFO: c:/demo/v221_TriHedral_RCS3\v221_TriHedral_RCS3.aedtz created.
2021-10-28 12:54:08,641 INFO: c:/demo/v221_TriHedral_RCS3\TriHedral_RCS.aedt.batchinfo created.
2021-10-28 12:54:09,642 INFO: c:/demo/v221_TriHedral_RCS3\TriHedral_RCS.aedt.batchinfo\TriHedral_RCS-RSM_22135.log created.
2021-10-28 12:54:09,642 INFO: c:/demo/v221_TriHedral_RCS3\v221_TriHedral_RCS3.aedtz.q.temp created.
2021-10-28 12:54:09,642 INFO: c:/demo/v221_TriHedral_RCS3\TriHedral_RCS.aedt.batchinfo\TriHedral_RCS-RSM_22135.log created.
2021-10-28 12:54:09,642 INFO: c:/demo/debug_log.scr created.
2021-10-28 12:54:09,642 INFO: c:/demo/v221_TriHedral_RCS3\AB8DD99.tmp created.
2021-10-28 12:54:09,643 INFO: c:/demo/v221_TriHedral_RCS3\v221_TriHedral_RCS3.aedtz.lock created.
2021-10-28 12:54:09,643 INFO: c:/demo/v221_TriHedral_RCS3\TriHedral_RCS.aedt created.
2021-10-28 12:54:09,643 INFO: c:/demo/v221_TriHedral_RCS3\Trihedral_RCS.pdf created.
2021-10-28 12:54:09,643 INFO: c:/demo/debug_log.scr created.
2021-10-28 12:54:09,643 INFO: c:/demo/v221_TriHedral_RCS3\AB8DE36.tmp created.
2021-10-28 12:54:09,644 INFO: c:/demo/v221_TriHedral_RCS3\TriHedral_RCS.aedt.lock created.
2021-10-28 12:54:09,644 INFO: c:/demo/debug_log.scr created.
2021-10-28 12:54:09,644 INFO: c:/demo/v221_TriHedral_RCS3\TriHedral_RCS.aedtresults created.
2021-10-28 12:54:10,648 INFO: c:/demo/v221_TriHedral_RCS3\TriHedral_RCS.aedtresults\MonoStaticTriHedral.results created.
2021-10-28 12:54:10,649 INFO: c:/demo/v221_TriHedral_RCS3\TriHedral_RCS.aedtresults\.MonoStaticTriHedral.asol.semaphore created.
2021-10-28 12:54:10,649 INFO: c:/demo/v221_TriHedral_RCS3\TriHedral_RCS.aedtresults\.MonoStaticTriHedral.asol_priv.semaphore created.
2021-10-28 12:54:10,649 INFO: c:/demo/v221_TriHedral_RCS3\TriHedral_RCS.aedtresults\MonoStaticTriHedral.asol_priv created.
2021-10-28 12:54:10,651 INFO: c:/demo/v221_TriHedral_RCS3\AB8DF7F.tmp created.
2021-10-28 12:54:10,652 INFO: c:/demo/v221_TriHedral_RCS3\TriHedral_RCS.aedtresults\.MonoStaticTriHedral.asol_priv.semaphore created.
2021-10-28 12:54:10,652 INFO: c:/demo/v221_TriHedral_RCS3\TriHedral_RCS.aedtresults\MonoStaticTriHedral.asol_priv created.
2021-10-28 12:54:10,653 INFO: c:/demo/v221_TriHedral_RCS3\TriHedral_RCS.aedtresults\.MonoStaticTriHedral.asol.semaphore created.
2021-10-28 12:54:10,653 INFO: c:/demo/v221_TriHedral_RCS3\TriHedral_RCS.aedtresults\MonoStaticTriHedral.results created.
2021-10-28 12:54:11,911 INFO: c:/demo/v221_TriHedral_RCS3\AB8E80B.tmp created.
2021-10-28 12:54:13,145 INFO: c:/demo/debug_log.scr created.
2021-10-28 12:54:16,382 INFO: c:/demo/v221_TriHedral_RCS3\TriHedral_RCS.aedtresults\MonoStaticTriHedral.results\NDV2307_V0.dmesh created.
2021-10-28 12:54:17,386 INFO: c:/demo/v221_TriHedral_RCS3\TriHedral_RCS.aedtresults\MonoStaticTriHedral.results\NDV2307_V0.dmesh\defn_native_smesh_sbr.2dmd created.
2021-10-28 12:54:17,387 INFO: c:/demo/v221_TriHedral_RCS3\TriHedral_RCS.aedtresults\MonoStaticTriHedral.results\NDV2307_V0.dmesh\defn_native_smesh_sbr.msh created.
2021-10-28 12:54:17,387 INFO: c:/demo/v221_TriHedral_RCS3\TriHedral_RCS.aedtresults\MonoStaticTriHedral.results\NDV2307_V0.dmesh\defn_native_smesh_sbr.stats created.
2021-10-28 12:54:17,388 INFO: c:/demo/v221_TriHedral_RCS3\TriHedral_RCS.aedtresults\MonoStaticTriHedral.results\NDV2307_V0.dmesh\defn_native_smesh_sbr.msh created.
2021-10-28 12:54:17,388 INFO: c:/demo/v221_TriHedral_RCS3\TriHedral_RCS.aedtresults\MonoStaticTriHedral.results\NDV2307_V0.dmesh\defn_native_smesh_sbr.2dmd created.
2021-10-28 12:54:17,389 INFO: c:/demo/v221_TriHedral_RCS3\TriHedral_RCS.aedtresults\MonoStaticTriHedral.results\NDV2307_V0.dmesh\defn_native_smesh_sbr.stats created.
2021-10-28 12:54:17,408 INFO: c:/demo/v221_TriHedral_RCS3\TriHedral_RCS.aedtresults\MonoStaticTriHedral.results\DV2304_V2295.imesh created.
2021-10-28 12:54:18,411 INFO: c:/demo/v221_TriHedral_RCS3\TriHedral_RCS.aedtresults\MonoStaticTriHedral.results\DV2304_V2295.imesh\native_smesh_sbr.2dmd created.
2021-10-28 12:54:18,413 INFO: c:/demo/v221_TriHedral_RCS3\TriHedral_RCS.aedtresults\MonoStaticTriHedral.results\DV2304_V2295.imesh\native_smesh_sbr.msh created.
2021-10-28 12:54:18,413 INFO: c:/demo/v221_TriHedral_RCS3\TriHedral_RCS.aedtresults\MonoStaticTriHedral.results\DV2304_V2295.imesh\native_smesh_sbr.stats created.
2021-10-28 12:54:18,413 INFO: c:/demo/v221_TriHedral_RCS3\TriHedral_RCS.aedtresults\MonoStaticTriHedral.results\DV2304_V2295.imesh\native_smesh_sbr.mshx created.
2021-10-28 12:54:18,414 INFO: c:/demo/v221_TriHedral_RCS3\TriHedral_RCS.aedtresults\MonoStaticTriHedral.results\DV2304_V2295.imesh\native_smesh_sbr.2dmdx created.
2021-10-28 12:54:18,416 INFO: c:/demo/v221_TriHedral_RCS3\TriHedral_RCS.aedtresults\MonoStaticTriHedral.results\DV2304_V2295.imesh\native_smesh_sbr.statsx created.
2021-10-28 12:54:18,417 INFO: c:/demo/v221_TriHedral_RCS3\TriHedral_RCS.aedtresults\MonoStaticTriHedral.results\DV2304_V0_imesh.ima_cfg created.
2021-10-28 12:54:18,418 INFO: c:/demo/v221_TriHedral_RCS3\TriHedral_RCS.aedtresults\MonoStaticTriHedral.results\DV2304_V0_imesh.g3d created.
2021-10-28 12:54:18,420 INFO: c:/demo/v221_TriHedral_RCS3\TriHedral_RCS.aedtresults\MonoStaticTriHedral.results\DV2304_S2213_V2300.profile created.
2021-10-28 12:54:18,421 INFO: c:/demo/v221_TriHedral_RCS3\TriHedral_RCS.aedtresults\MonoStaticTriHedral.results\DV2304_S2213_V2225.cmesh created.
2021-10-28 12:54:19,432 INFO: c:/demo/v221_TriHedral_RCS3\TriHedral_RCS.aedtresults\MonoStaticTriHedral.results\DV2304_S2213_V2225.cmesh\native_smesh_sbr.2dmd created.
2021-10-28 12:54:19,432 INFO: c:/demo/v221_TriHedral_RCS3\TriHedral_RCS.aedtresults\MonoStaticTriHedral.results\DV2304_S2213_V2225.cmesh\native_smesh_sbr.msh created.
2021-10-28 12:54:19,432 INFO: c:/demo/v221_TriHedral_RCS3\TriHedral_RCS.aedtresults\MonoStaticTriHedral.results\DV2304_S2213_V2225.cmesh\native_smesh_sbr.stats created.
2021-10-28 12:54:19,433 INFO: c:/demo/v221_TriHedral_RCS3\TriHedral_RCS.aedtresults\MonoStaticTriHedral.results\DV2304_S2213_V2225.cmesh\native_smesh_sbr.mshx created.
2021-10-28 12:54:19,433 INFO: c:/demo/v221_TriHedral_RCS3\TriHedral_RCS.aedtresults\MonoStaticTriHedral.results\DV2304_S2213_V2225.cmesh\native_smesh_sbr.2dmdx created.
2021-10-28 12:54:19,433 INFO: c:/demo/v221_TriHedral_RCS3\TriHedral_RCS.aedtresults\MonoStaticTriHedral.results\DV2304_S2213_V2225.cmesh\native_smesh_sbr.statsx created.
2021-10-28 12:54:19,434 INFO: c:/demo/v221_TriHedral_RCS3\TriHedral_RCS.aedtresults\MonoStaticTriHedral.results\DV2304_S2213_V0_cmesh.ima_cfg created.
2021-10-28 12:54:19,435 INFO: c:/demo/v221_TriHedral_RCS3\TriHedral_RCS.aedtresults\MonoStaticTriHedral.results\DV2304_S2213_V0_cmesh.g3d created.
2021-10-28 12:54:19,435 INFO: c:/demo/v221_TriHedral_RCS3\TriHedral_RCS.aedtresults\MonoStaticTriHedral.results\DV2304_S2215_V2249_F2309 created.
2021-10-28 12:54:20,446 INFO: c:/demo/v221_TriHedral_RCS3\TriHedral_RCS.aedtresults\MonoStaticTriHedral.results\DV2304_S2215_V2249_F2309\current.2dmd_D0x created.
2021-10-28 12:54:20,447 INFO: c:/demo/v221_TriHedral_RCS3\TriHedral_RCS.aedtresults\MonoStaticTriHedral.results\DV2304_S2215_V2249_F2309\current.msh_D0x created.
2021-10-28 12:54:20,447 INFO: c:/demo/v221_TriHedral_RCS3\TriHedral_RCS.aedtresults\MonoStaticTriHedral.results\DV2304_S2215_V2249_F2309\fields.evtrsx created.
2021-10-28 12:54:20,448 INFO: c:/demo/v221_TriHedral_RCS3\TriHedral_RCS.aedtresults\MonoStaticTriHedral.results\DV2304_S2215_V2249_F2309\current.msh_D0x created.
2021-10-28 12:54:20,449 INFO: c:/demo/v221_TriHedral_RCS3\TriHedral_RCS.aedtresults\MonoStaticTriHedral.results\DV2304_S2215_V2249_F2309\current.2dmd_D0x created.
2021-10-28 12:54:20,450 INFO: c:/demo/v221_TriHedral_RCS3\TriHedral_RCS.aedtresults\MonoStaticTriHedral.results\DV2304_S2215_V2249_F2309\fields.evtrsx created.
2021-10-28 12:54:30,676 INFO: c:/demo/v221_TriHedral_RCS3\TriHedral_RCS.aedtresults\MonoStaticTriHedral.results\DV2304_S2215_V2249_F2309\ff.ffd_0x created.
2021-10-28 12:54:30,729 INFO: c:/demo/v221_TriHedral_RCS3\TriHedral_RCS.aedtresults\MonoStaticTriHedral.results\DV2304_SOL2214_M1_V2310.sd created.
2021-10-28 12:54:30,734 INFO: c:/demo/v221_TriHedral_RCS3\TriHedral_RCS.aedtresults\MonoStaticTriHedral.results\DV2304_SOL2215_M0_V2311.sd created.
2021-10-28 12:54:30,741 INFO: c:/demo/v221_TriHedral_RCS3\TriHedral_RCS.aedtresults\MonoStaticTriHedral.results\DV2304_S2213_V2225.cmesh\native_smesh_sbr.mshx created.
2021-10-28 12:54:30,742 INFO: c:/demo/v221_TriHedral_RCS3\TriHedral_RCS.aedtresults\MonoStaticTriHedral.results\DV2304_S2213_V2225.cmesh\native_smesh_sbr.2dmdx created.
2021-10-28 12:54:30,743 INFO: c:/demo/v221_TriHedral_RCS3\TriHedral_RCS.aedtresults\MonoStaticTriHedral.results\DV2304_S2213_V2225.cmesh\native_smesh_sbr.statsx created.
2021-10-28 12:54:30,752 INFO: c:/demo/v221_TriHedral_RCS3\TriHedral_RCS.aedtresults\MonoStaticTriHedral.results\DV2304_S2213_ADP1_V2312.sd created.
2021-10-28 12:54:31,754 INFO: c:/demo/v221_TriHedral_RCS3\TriHedral_RCS.aedtresults\MonoStaticTriHedral.results\DV2304_S2213_SD1_V2313.su created.
2021-10-28 12:54:31,757 INFO: c:/demo/v221_TriHedral_RCS3\TriHedral_RCS.aedtresults\MonoStaticTriHedral.results\DV2304_S2213_V2301.EMConvData created.
2021-10-28 12:54:31,759 INFO: c:/demo/v221_TriHedral_RCS3\TriHedral_RCS.aedtresults\mf_9 created.
2021-10-28 12:54:32,762 INFO: c:/demo/v221_TriHedral_RCS3\TriHedral_RCS.aedtresults\mf_9\radfld created.
2021-10-28 12:54:32,762 INFO: c:/demo/v221_TriHedral_RCS3\TriHedral_RCS.aedtresults\mf_9\radfld\56BF2194416353968705.tmp created.
2021-10-28 12:54:32,763 INFO: c:/demo/v221_TriHedral_RCS3\TriHedral_RCS.aedtresults\mf_9\radfld created.
2021-10-28 12:54:33,777 INFO: c:/demo/v221_TriHedral_RCS3\TriHedral_RCS.aedtresults\mf_9\radfld\56BF2194416353968705.tmp created.
2021-10-28 12:54:33,777 INFO: c:/demo/v221_TriHedral_RCS3\TriHedral_RCS.aedtresults\ManagedFiles_Design9.asol_priv created.
2021-10-28 12:54:33,777 INFO: c:/demo/debug_log.scr created.
2021-10-28 12:54:34,855 INFO: c:/demo/v221_TriHedral_RCS3\TriHedral_RCS.aedtresults\MonoStaticTriHedral.results\DV2304_S2222_V2260.cmesh created.
2021-10-28 12:54:35,866 INFO: c:/demo/v221_TriHedral_RCS3\TriHedral_RCS.aedtresults\MonoStaticTriHedral.results\DV2304_S2222_V2260.cmesh\native_smesh_sbr.2dmd created.
2021-10-28 12:54:35,867 INFO: c:/demo/v221_TriHedral_RCS3\TriHedral_RCS.aedtresults\MonoStaticTriHedral.results\DV2304_S2222_V2260.cmesh\native_smesh_sbr.msh created.
2021-10-28 12:54:35,868 INFO: c:/demo/v221_TriHedral_RCS3\TriHedral_RCS.aedtresults\MonoStaticTriHedral.results\DV2304_S2222_V2260.cmesh\native_smesh_sbr.stats created.
2021-10-28 12:54:35,868 INFO: c:/demo/v221_TriHedral_RCS3\TriHedral_RCS.aedtresults\MonoStaticTriHedral.results\DV2304_S2222_V2260.cmesh\native_smesh_sbr.mshx created.
2021-10-28 12:54:35,869 INFO: c:/demo/v221_TriHedral_RCS3\TriHedral_RCS.aedtresults\MonoStaticTriHedral.results\DV2304_S2222_V2260.cmesh\native_smesh_sbr.2dmdx created.
2021-10-28 12:54:35,870 INFO: c:/demo/v221_TriHedral_RCS3\TriHedral_RCS.aedtresults\MonoStaticTriHedral.results\DV2304_S2222_V2260.cmesh\native_smesh_sbr.statsx created.
2021-10-28 12:54:35,872 INFO: c:/demo/v221_TriHedral_RCS3\TriHedral_RCS.aedtresults\MonoStaticTriHedral.results\DV2304_S2222_V2302.profile created.
2021-10-28 12:54:35,873 INFO: c:/demo/v221_TriHedral_RCS3\TriHedral_RCS.aedtresults\MonoStaticTriHedral.results\DV2304_S2222_V0_cmesh.ima_cfg created.
2021-10-28 12:54:35,874 INFO: c:/demo/v221_TriHedral_RCS3\TriHedral_RCS.aedtresults\MonoStaticTriHedral.results\DV2304_S2222_V0_cmesh.g3d created.
2021-10-28 12:54:35,875 INFO: c:/demo/v221_TriHedral_RCS3\TriHedral_RCS.aedtresults\MonoStaticTriHedral.results\DV2304_S2224_V2284_F2317 created.
2021-10-28 12:54:36,890 INFO: c:/demo/v221_TriHedral_RCS3\TriHedral_RCS.aedtresults\MonoStaticTriHedral.results\DV2304_S2224_V2284_F2317\current.2dmd_D0x created.
2021-10-28 12:54:36,891 INFO: c:/demo/v221_TriHedral_RCS3\TriHedral_RCS.aedtresults\MonoStaticTriHedral.results\DV2304_S2224_V2284_F2317\current.msh_D0x created.
2021-10-28 12:54:36,891 INFO: c:/demo/v221_TriHedral_RCS3\TriHedral_RCS.aedtresults\MonoStaticTriHedral.results\DV2304_S2224_V2284_F2317\fields.evtrsx created.
2021-10-28 12:54:36,891 INFO: c:/demo/v221_TriHedral_RCS3\TriHedral_RCS.aedtresults\MonoStaticTriHedral.results\DV2304_S2224_V2284_F2317\current.msh_D0x created.
2021-10-28 12:54:36,892 INFO: c:/demo/v221_TriHedral_RCS3\TriHedral_RCS.aedtresults\MonoStaticTriHedral.results\DV2304_S2224_V2284_F2317\current.2dmd_D0x created.
2021-10-28 12:54:36,893 INFO: c:/demo/v221_TriHedral_RCS3\TriHedral_RCS.aedtresults\MonoStaticTriHedral.results\DV2304_S2224_V2284_F2317\fields.evtrsx created.
2021-10-28 12:54:48,620 INFO: c:/demo/v221_TriHedral_RCS3\TriHedral_RCS.aedtresults\MonoStaticTriHedral.results\DV2304_S2224_V2284_F2317\ff.ffd_0x created.
2021-10-28 12:54:48,680 INFO: c:/demo/v221_TriHedral_RCS3\TriHedral_RCS.aedtresults\MonoStaticTriHedral.results\DV2304_SOL2223_M1_V2318.sd created.
2021-10-28 12:54:48,686 INFO: c:/demo/v221_TriHedral_RCS3\TriHedral_RCS.aedtresults\MonoStaticTriHedral.results\DV2304_SOL2224_M0_V2319.sd created.
2021-10-28 12:54:48,694 INFO: c:/demo/v221_TriHedral_RCS3\TriHedral_RCS.aedtresults\MonoStaticTriHedral.results\DV2304_S2222_V2260.cmesh\native_smesh_sbr.mshx created.
2021-10-28 12:54:48,695 INFO: c:/demo/v221_TriHedral_RCS3\TriHedral_RCS.aedtresults\MonoStaticTriHedral.results\DV2304_S2222_V2260.cmesh\native_smesh_sbr.2dmdx created.
2021-10-28 12:54:48,696 INFO: c:/demo/v221_TriHedral_RCS3\TriHedral_RCS.aedtresults\MonoStaticTriHedral.results\DV2304_S2222_V2260.cmesh\native_smesh_sbr.statsx created.
2021-10-28 12:54:48,707 INFO: c:/demo/v221_TriHedral_RCS3\TriHedral_RCS.aedtresults\MonoStaticTriHedral.results\DV2304_S2222_ADP1_V2320.sd created.
2021-10-28 12:54:49,735 INFO: c:/demo/v221_TriHedral_RCS3\TriHedral_RCS.aedtresults\MonoStaticTriHedral.results\DV2304_S2222_SD1_V2321.su created.
2021-10-28 12:54:49,736 INFO: c:/demo/v221_TriHedral_RCS3\TriHedral_RCS.aedtresults\MonoStaticTriHedral.results\DV2304_S2222_V2303.EMConvData created.
2021-10-28 12:54:49,797 INFO: c:/demo/v221_TriHedral_RCS3\TriHedral_RCS.aedtresults\mf_9\radfld\56FD2194416353968897.tmp created.
2021-10-28 12:54:49,863 INFO: c:/demo/v221_TriHedral_RCS3\TriHedral_RCS.aedtexport created.
2021-10-28 12:54:50,878 INFO: c:/demo/v221_TriHedral_RCS3\TriHedral_RCS.aedtexport\MonoStaticTriHedral created.
2021-10-28 12:54:50,879 INFO: c:/demo/v221_TriHedral_RCS3\TriHedral_RCS.aedtexport\MonoStaticTriHedral\Monostatic_RCS_Plot_1-RSM_22135.csv created.
2021-10-28 12:54:50,881 INFO: c:/demo/v221_TriHedral_RCS3\TriHedral_RCS.aedtexport\MonoStaticTriHedral\Monostatic_RCS_Table_1-RSM_22135.csv created.
2021-10-28 12:54:50,881 INFO: c:/demo/v221_TriHedral_RCS3\TriHedral_RCS.aedtexport\MonoStaticTriHedral\PTD-DV2304-RSM_22135.conv created.
2021-10-28 12:54:50,881 INFO: c:/demo/v221_TriHedral_RCS3\TriHedral_RCS.aedtexport\MonoStaticTriHedral\PTD-DV2304-RSM_22135.prof created.
2021-10-28 12:54:50,882 INFO: c:/demo/v221_TriHedral_RCS3\TriHedral_RCS.aedtexport\MonoStaticTriHedral\RCS__Trihedral_(s___0.csv created.
2021-10-28 12:54:50,882 INFO: c:/demo/v221_TriHedral_RCS3\TriHedral_RCS.aedtexport\MonoStaticTriHedral\SBR-DV2304-RSM_22135.conv created.
2021-10-28 12:54:50,882 INFO: c:/demo/v221_TriHedral_RCS3\TriHedral_RCS.aedtexport\MonoStaticTriHedral\SBR-DV2304-RSM_22135.prof created.
2021-10-28 12:54:50,882 INFO: c:/demo/v221_TriHedral_RCS3\TriHedral_RCS.aedtexport\MonoStaticTriHedral created.
2021-10-28 12:54:51,893 INFO: c:/demo/v221_TriHedral_RCS3\TriHedral_RCS.aedtexport\MonoStaticTriHedral\Monostatic_RCS_Plot_1-RSM_22135.csv created.
2021-10-28 12:54:51,894 INFO: c:/demo/v221_TriHedral_RCS3\TriHedral_RCS.aedtexport\MonoStaticTriHedral\Monostatic_RCS_Table_1-RSM_22135.csv created.
2021-10-28 12:54:51,894 INFO: c:/demo/v221_TriHedral_RCS3\TriHedral_RCS.aedtexport\MonoStaticTriHedral\PTD-DV2304-RSM_22135.conv created.
2021-10-28 12:54:51,894 INFO: c:/demo/v221_TriHedral_RCS3\TriHedral_RCS.aedtexport\MonoStaticTriHedral\PTD-DV2304-RSM_22135.prof created.
2021-10-28 12:54:51,895 INFO: c:/demo/v221_TriHedral_RCS3\TriHedral_RCS.aedtexport\MonoStaticTriHedral\RCS__Trihedral_(s___0.csv created.
2021-10-28 12:54:51,895 INFO: c:/demo/v221_TriHedral_RCS3\TriHedral_RCS.aedtexport\MonoStaticTriHedral\SBR-DV2304-RSM_22135.conv created.
2021-10-28 12:54:51,895 INFO: c:/demo/v221_TriHedral_RCS3\TriHedral_RCS.aedtexport\MonoStaticTriHedral\SBR-DV2304-RSM_22135.prof created.
2021-10-28 12:54:51,896 INFO: c:/demo/v221_TriHedral_RCS3\TriHedral_RCS.aedtexport\MonoStaticTriHedral\SBR-DV2304-RSM_22135.conv created.
2021-10-28 12:54:51,896 INFO: c:/demo/v221_TriHedral_RCS3\TriHedral_RCS.aedtexport\MonoStaticTriHedral\SBR-DV2304-RSM_22135.prof created.
2021-10-28 12:54:51,896 INFO: c:/demo/v221_TriHedral_RCS3\TriHedral_RCS.aedtexport\MonoStaticTriHedral\PTD-DV2304-RSM_22135.conv created.
2021-10-28 12:54:51,897 INFO: c:/demo/v221_TriHedral_RCS3\TriHedral_RCS.aedtexport\MonoStaticTriHedral\PTD-DV2304-RSM_22135.prof created.
2021-10-28 12:54:51,898 INFO: c:/demo/v221_TriHedral_RCS3\TriHedral_RCS.aedtexport\MonoStaticTriHedral\RCS__Trihedral_(s___0.csv created.
2021-10-28 12:54:51,899 INFO: c:/demo/v221_TriHedral_RCS3\TriHedral_RCS.aedtexport\MonoStaticTriHedral\Monostatic_RCS_Table_1-RSM_22135.csv created.
2021-10-28 12:54:51,899 INFO: c:/demo/v221_TriHedral_RCS3\TriHedral_RCS.aedtexport\MonoStaticTriHedral\Monostatic_RCS_Plot_1-RSM_22135.csv created.
2021-10-28 12:54:51,900 INFO: c:/demo/v221_TriHedral_RCS3\AB87C73.tmp created.
2021-10-28 12:54:51,901 INFO: c:/demo/v221_TriHedral_RCS3\AB87C74.tmp created.
2021-10-28 12:54:51,902 INFO: c:/demo/v221_TriHedral_RCS3\TriHedral_RCS.aedt.lock created.
2021-10-28 12:54:51,902 INFO: c:/demo/v221_TriHedral_RCS3\TriHedral_RCS.aedt.auto created.
2021-10-28 12:54:51,903 INFO: c:/demo/v221_TriHedral_RCS3\TriHedral_RCS.aedt.temp created.
2021-10-28 12:54:51,903 INFO: c:/demo/v221_TriHedral_RCS3\TriHedral_RCS.aedtresults\mf_9\GeometryCache created.
2021-10-28 12:54:52,918 INFO: c:/demo/v221_TriHedral_RCS3\TriHedral_RCS.aedtresults\mf_9\GeometryCache\BodyCache created.
2021-10-28 12:54:52,919 INFO: c:/demo/v221_TriHedral_RCS3\TriHedral_RCS.aedtresults\mf_9\GeometryCache\CacheDataVersion.tmp created.
2021-10-28 12:54:52,919 INFO: c:/demo/v221_TriHedral_RCS3\TriHedral_RCS.aedtresults\mf_9\GeometryCache\InterrogationCache.tmp created.
2021-10-28 12:54:52,919 INFO: c:/demo/v221_TriHedral_RCS3\TriHedral_RCS.aedtresults\mf_9\GeometryCache\OperationDataCache.tmp created.
2021-10-28 12:54:52,920 INFO: c:/demo/v221_TriHedral_RCS3\TriHedral_RCS.aedtresults\mf_9\GeometryCache\BodyCache created.
2021-10-28 12:54:53,934 INFO: c:/demo/v221_TriHedral_RCS3\TriHedral_RCS.aedtresults\mf_9\GeometryCache\CacheDataVersion.tmp created.
2021-10-28 12:54:53,934 INFO: c:/demo/v221_TriHedral_RCS3\TriHedral_RCS.aedtresults\mf_9\GeometryCache\InterrogationCache.tmp created.
2021-10-28 12:54:53,935 INFO: c:/demo/v221_TriHedral_RCS3\TriHedral_RCS.aedtresults\mf_9\GeometryCache\OperationDataCache.tmp created.
2021-10-28 12:54:53,936 INFO: c:/demo/v221_TriHedral_RCS3\TriHedral_RCS.aedtresults\mf_9\radfld\RAD3A5E241641579533359545.tmp created.
2021-10-28 12:55:01,006 INFO: c:/demo/v221_TriHedral_RCS3\TriHedral_RCS.aedtresults\MonoStaticTriHedral.asol_priv created.
2021-10-28 12:55:01,007 INFO: c:/demo/v221_TriHedral_RCS3\TriHedral_RCS.aedtresults\mf_9\svcache created.
2021-10-28 12:55:02,018 INFO: c:/demo/v221_TriHedral_RCS3\TriHedral_RCS.aedtresults\mf_9\svcache\HDR56FD2194416353968899.tmp created.
2021-10-28 12:55:02,018 INFO: c:/demo/v221_TriHedral_RCS3\TriHedral_RCS.aedtresults\mf_9\svcache\min56FD21944163539688910.tmp created.
2021-10-28 12:55:02,018 INFO: c:/demo/v221_TriHedral_RCS3\TriHedral_RCS.aedtresults\mf_9\svcache\min56FD21944163539688911.tmp created.
2021-10-28 12:55:02,018 INFO: c:/demo/v221_TriHedral_RCS3\TriHedral_RCS.aedtresults\mf_9\svcache\HDR56FD2194416353968899.tmp created.
2021-10-28 12:55:02,019 INFO: c:/demo/v221_TriHedral_RCS3\TriHedral_RCS.aedtresults\mf_9\svcache\min56FD21944163539688910.tmp created.
2021-10-28 12:55:02,019 INFO: c:/demo/v221_TriHedral_RCS3\TriHedral_RCS.aedtresults\mf_9\svcache\min56FD21944163539688911.tmp created.
2021-10-28 12:55:02,019 INFO: c:/demo/v221_TriHedral_RCS3\TriHedral_RCS.aedtresults\ManagedFiles_Design9.asol created.
2021-10-28 12:55:02,020 INFO: c:/demo/v221_TriHedral_RCS3\TriHedral_RCS.aedt.batchinfo\TriHedral_RCS-RSM_22135.solinfo created.
2021-10-28 12:55:02,020 INFO: c:/demo/v221_TriHedral_RCS3\TriHedral_RCS.aedt.shutdown created.
2021-10-28 12:55:03,243 INFO: c:/demo/v221_TriHedral_RCS3\v221_TriHedral_RCS3.aedtz.lock removed.
2021-10-28 12:55:03,245 DEBUG: Starting new HTTPS connection (1): notify-api.line.me:443
2021-10-28 12:55:03,601 DEBUG: https://notify-api.line.me:443 "POST /api/notify?message=c%3A%2Fdemo%2Fv221_TriHedral_RCS3+is+Accomplished%21 HTTP/1.1" 200 None
2021-10-28 12:55:03,602 INFO: c:/demo/v221_TriHedral_RCS3.zip created.
2021-10-28 12:55:29,909 INFO: c:/demo/AnsysEM20.1_test.aedtz created.
2021-10-28 12:55:37,534 INFO: c:/demo/AnsysEM20.1_test created.
2021-10-28 12:55:37,537 DEBUG: Starting new HTTPS connection (1): notify-api.line.me:443
2021-10-28 12:55:37,942 DEBUG: https://notify-api.line.me:443 "POST /api/notify?message=c%3A%2Fdemo%2FAnsysEM20.1_test.aedtz+is+Running%21 HTTP/1.1" 200 None
2021-10-28 12:55:37,946 INFO: c:/demo/AnsysEM20.1_test.aedtz is running.
2021-10-28 12:55:38,546 INFO: c:/demo/AnsysEM20.1_test\AnsysEM20.1_test.aedtz created.
2021-10-28 12:55:38,546 INFO: c:/demo/AnsysEM20.1_test\AnsysEM20.1_test.aedtz created.
2021-10-28 12:55:38,600 INFO: c:/demo/AnsysEM20.1_test\BGA_PKG_V1_final.aedt.batchinfo created.
2021-10-28 12:55:39,606 INFO: c:/demo/AnsysEM20.1_test\BGA_PKG_V1_final.aedt.batchinfo\BGA_PKG_V1_final-RSM_22429.log created.
2021-10-28 12:55:39,606 INFO: c:/demo/AnsysEM20.1_test\AnsysEM20.1_test.aedtz.q.temp created.
2021-10-28 12:55:39,607 INFO: c:/demo/AnsysEM20.1_test\BGA_PKG_V1_final.aedt.batchinfo\BGA_PKG_V1_final-RSM_22429.log created.
2021-10-28 12:55:39,607 INFO: c:/demo/debug_log.scr created.
2021-10-28 12:55:43,120 INFO: c:/demo/AnsysEM20.1_test\A184C4C.tmp created.
2021-10-28 12:55:43,120 INFO: c:/demo/AnsysEM20.1_test\AnsysEM20.1_test.aedtz.lock created.
2021-10-28 12:55:43,124 INFO: c:/demo/AnsysEM20.1_test\BGA_PKG_V1_final.aedt created.
2021-10-28 12:55:43,126 INFO: c:/demo/AnsysEM20.1_test\BGA_PKG_V1_final.aedb created.
2021-10-28 12:55:44,136 INFO: c:/demo/AnsysEM20.1_test\BGA_PKG_V1_final.aedb\stride created.
2021-10-28 12:55:44,137 INFO: c:/demo/AnsysEM20.1_test\BGA_PKG_V1_final.aedb\edb.def created.
2021-10-28 12:55:44,137 INFO: c:/demo/AnsysEM20.1_test\BGA_PKG_V1_final.aedb\edb.def.bak created.
2021-10-28 12:55:44,137 INFO: c:/demo/AnsysEM20.1_test\BGA_PKG_V1_final.aedb\edb.def.tmp created.
2021-10-28 12:55:44,138 INFO: c:/demo/AnsysEM20.1_test\BGA_PKG_V1_final.aedb\stride\model.index created.
2021-10-28 12:55:44,139 INFO: c:/demo/AnsysEM20.1_test\BGA_PKG_V1_final.aedb\edb.def created.
2021-10-28 12:55:44,140 INFO: c:/demo/AnsysEM20.1_test\BGA_PKG_V1_final.aedb\edb.def.bak created.
2021-10-28 12:55:44,141 INFO: c:/demo/AnsysEM20.1_test\BGA_PKG_V1_final.aedb\stride created.
2021-10-28 12:55:45,147 INFO: c:/demo/AnsysEM20.1_test\BGA_PKG_V1_final.aedb\stride\model.index created.
2021-10-28 12:55:45,148 INFO: c:/demo/AnsysEM20.1_test\BGA_PKG_V1_final.aedb\stride\model.index created.
2021-10-28 12:55:45,149 INFO: c:/demo/debug_log.scr created.
2021-10-28 12:55:45,150 INFO: c:/demo/AnsysEM20.1_test\A184D95.tmp created.
2021-10-28 12:55:45,150 INFO: c:/demo/AnsysEM20.1_test\BGA_PKG_V1_final.aedt.lock created.
2021-10-28 12:55:45,151 INFO: c:/demo/AnsysEM20.1_test\A184D96.tmp created.
2021-10-28 12:55:45,152 INFO: c:/demo/AnsysEM20.1_test\BGA_PKG_V1_final.aedb\edb.def.tmp created.
2021-10-28 12:57:10,092 INFO: c:/demo/AnsysEM20.1_test\AnsysEM20.1_test.aedtz.lock removed.
2021-10-28 12:57:10,094 DEBUG: Starting new HTTPS connection (1): notify-api.line.me:443
2021-10-28 12:57:10,509 DEBUG: https://notify-api.line.me:443 "POST /api/notify?message=c%3A%2Fdemo%2FAnsysEM20.1_test+is+Accomplished%21 HTTP/1.1" 200 None
2021-10-28 12:57:10,512 INFO: c:/demo/AnsysEM20.1_test.zip created.
